|||||||||||| Pre-loading Models for Schema ||||||||||||
C:\Users\LAPTOP KING\Desktop\PulseOfSound\pulsofsound_backend\build\src\cloudCode\models\AccountStatus.js
Registered Parse class: AccountStatus
C:\Users\LAPTOP KING\Desktop\PulseOfSound\pulsofsound_backend\build\src\cloudCode\models\Admin.js
Registered Parse class: Admin
C:\Users\LAPTOP KING\Desktop\PulseOfSound\pulsofsound_backend\build\src\cloudCode\models\Appointment.js
Registered Parse class: Appointment
C:\Users\LAPTOP KING\Desktop\PulseOfSound\pulsofsound_backend\build\src\cloudCode\models\AppointmentPlan.js
Registered Parse class: AppointmentPlan
C:\Users\LAPTOP KING\Desktop\PulseOfSound\pulsofsound_backend\build\src\cloudCode\models\ChargeRequest.js
Registered Parse class: ChargeRequest
C:\Users\LAPTOP KING\Desktop\PulseOfSound\pulsofsound_backend\build\src\cloudCode\models\ChatGroup.js
Registered Parse class: ChatGroup
C:\Users\LAPTOP KING\Desktop\PulseOfSound\pulsofsound_backend\build\src\cloudCode\models\ChatGroupParticipant.js
Registered Parse class: ChatGroupParticipants
C:\Users\LAPTOP KING\Desktop\PulseOfSound\pulsofsound_backend\build\src\cloudCode\models\ChatMessage.js
Registered Parse class: ChatMessage
C:\Users\LAPTOP KING\Desktop\PulseOfSound\pulsofsound_backend\build\src\cloudCode\models\ChildLevel.js
Registered Parse class: ChildProfile
Registered Parse class: Level
Registered Parse class: ChildLevel
C:\Users\LAPTOP KING\Desktop\PulseOfSound\pulsofsound_backend\build\src\cloudCode\models\ChildProfile.js
C:\Users\LAPTOP KING\Desktop\PulseOfSound\pulsofsound_backend\build\src\cloudCode\models\File.js
Registered Parse class: File
C:\Users\LAPTOP KING\Desktop\PulseOfSound\pulsofsound_backend\build\src\cloudCode\models\IMG.js
Registered Parse class: IMG
C:\Users\LAPTOP KING\Desktop\PulseOfSound\pulsofsound_backend\build\src\cloudCode\models\Interfaces\filter.js
C:\Users\LAPTOP KING\Desktop\PulseOfSound\pulsofsound_backend\build\src\cloudCode\models\Interfaces\FormTemplateInput.js
C:\Users\LAPTOP KING\Desktop\PulseOfSound\pulsofsound_backend\build\src\cloudCode\models\Interfaces\LoyalityObject.js
C:\Users\LAPTOP KING\Desktop\PulseOfSound\pulsofsound_backend\build\src\cloudCode\models\Interfaces\MultiLangs.js
C:\Users\LAPTOP KING\Desktop\PulseOfSound\pulsofsound_backend\build\src\cloudCode\models\Interfaces\Notification.js
C:\Users\LAPTOP KING\Desktop\PulseOfSound\pulsofsound_backend\build\src\cloudCode\models\Interfaces\QueryConfig.js
C:\Users\LAPTOP KING\Desktop\PulseOfSound\pulsofsound_backend\build\src\cloudCode\models\Interfaces\UserRate.js
C:\Users\LAPTOP KING\Desktop\PulseOfSound\pulsofsound_backend\build\src\cloudCode\models\Invoice.js
Registered Parse class: Invoice
C:\Users\LAPTOP KING\Desktop\PulseOfSound\pulsofsound_backend\build\src\cloudCode\models\Level.js
C:\Users\LAPTOP KING\Desktop\PulseOfSound\pulsofsound_backend\build\src\cloudCode\models\LevelGame.js
Registered Parse class: LevelGame
C:\Users\LAPTOP KING\Desktop\PulseOfSound\pulsofsound_backend\build\src\cloudCode\models\Notifications.js
Registered Parse class: Notifications
C:\Users\LAPTOP KING\Desktop\PulseOfSound\pulsofsound_backend\build\src\cloudCode\models\OTPcode.js
Registered Parse class: OTPcode
C:\Users\LAPTOP KING\Desktop\PulseOfSound\pulsofsound_backend\build\src\cloudCode\models\PlacementTestCorrectAnswer.js
Registered Parse class: PlacementTestQuestion
Registered Parse class: PlacementTestCorrectAnswer
C:\Users\LAPTOP KING\Desktop\PulseOfSound\pulsofsound_backend\build\src\cloudCode\models\PlacementTestQuestion.js
C:\Users\LAPTOP KING\Desktop\PulseOfSound\pulsofsound_backend\build\src\cloudCode\models\PostCategories.js
Registered Parse class: PostCategories
C:\Users\LAPTOP KING\Desktop\PulseOfSound\pulsofsound_backend\build\src\cloudCode\models\Report.js
Registered Parse class: Report
C:\Users\LAPTOP KING\Desktop\PulseOfSound\pulsofsound_backend\build\src\cloudCode\models\ResearchCategories.js
Registered Parse class: ResearchCategories
C:\Users\LAPTOP KING\Desktop\PulseOfSound\pulsofsound_backend\build\src\cloudCode\models\ResearchPosts.js
Registered Parse class: ResearchPosts
C:\Users\LAPTOP KING\Desktop\PulseOfSound\pulsofsound_backend\build\src\cloudCode\models\Role.js
Registered Parse class: _Role
C:\Users\LAPTOP KING\Desktop\PulseOfSound\pulsofsound_backend\build\src\cloudCode\models\StageQuestion.js
Registered Parse class: StageQuestion
C:\Users\LAPTOP KING\Desktop\PulseOfSound\pulsofsound_backend\build\src\cloudCode\models\StageResult.js
Registered Parse class: StageResult
C:\Users\LAPTOP KING\Desktop\PulseOfSound\pulsofsound_backend\build\src\cloudCode\models\TrainingQuestion.js
Registered Parse class: TrainingQuestion
C:\Users\LAPTOP KING\Desktop\PulseOfSound\pulsofsound_backend\build\src\cloudCode\models\TrainingQuestionCorrectAnswer.js
Registered Parse class: TrainingQuestionCorrectAnswer
C:\Users\LAPTOP KING\Desktop\PulseOfSound\pulsofsound_backend\build\src\cloudCode\models\User.js
Registered Parse class: UserBlock
Registered Parse class: UserDeleted
Registered Parse class: _User
C:\Users\LAPTOP KING\Desktop\PulseOfSound\pulsofsound_backend\build\src\cloudCode\models\UserBlock.js
C:\Users\LAPTOP KING\Desktop\PulseOfSound\pulsofsound_backend\build\src\cloudCode\models\UserDelete.js
C:\Users\LAPTOP KING\Desktop\PulseOfSound\pulsofsound_backend\build\src\cloudCode\models\UserStageStatus.js
Registered Parse class: UserStageStatus
C:\Users\LAPTOP KING\Desktop\PulseOfSound\pulsofsound_backend\build\src\cloudCode\models\Wallet.js
Registered Parse class: Wallet
C:\Users\LAPTOP KING\Desktop\PulseOfSound\pulsofsound_backend\build\src\cloudCode\models\WalletTransaction.js
Registered Parse class: WalletTransaction
|||||||||||| Pre-loading Modules for Registry ||||||||||||
C:\Users\LAPTOP KING\Desktop\PulseOfSound\pulsofsound_backend\build\src\cloudCode\modules\Admin\functions.js
C:\Users\LAPTOP KING\Desktop\PulseOfSound\pulsofsound_backend\build\src\cloudCode\modules\Appointment\functions.js
C:\Users\LAPTOP KING\Desktop\PulseOfSound\pulsofsound_backend\build\src\cloudCode\modules\AppointmentPlan\functions.js
C:\Users\LAPTOP KING\Desktop\PulseOfSound\pulsofsound_backend\build\src\cloudCode\modules\authAdapters\emailAuth.js
C:\Users\LAPTOP KING\Desktop\PulseOfSound\pulsofsound_backend\build\src\cloudCode\modules\authAdapters\helpers\helpers.js
C:\Users\LAPTOP KING\Desktop\PulseOfSound\pulsofsound_backend\build\src\cloudCode\modules\authAdapters\mobileAuth.js
C:\Users\LAPTOP KING\Desktop\PulseOfSound\pulsofsound_backend\build\src\cloudCode\modules\authAdapters\models\Anonymous.js
C:\Users\LAPTOP KING\Desktop\PulseOfSound\pulsofsound_backend\build\src\cloudCode\modules\authAdapters\models\EmailAuth.js
C:\Users\LAPTOP KING\Desktop\PulseOfSound\pulsofsound_backend\build\src\cloudCode\modules\authAdapters\models\MobileAuth.js
C:\Users\LAPTOP KING\Desktop\PulseOfSound\pulsofsound_backend\build\src\cloudCode\modules\ChargeRequest\functions.js
C:\Users\LAPTOP KING\Desktop\PulseOfSound\pulsofsound_backend\build\src\cloudCode\modules\ChatGroup\functions.js
C:\Users\LAPTOP KING\Desktop\PulseOfSound\pulsofsound_backend\build\src\cloudCode\modules\ChatGroupParticipant\functions.js
C:\Users\LAPTOP KING\Desktop\PulseOfSound\pulsofsound_backend\build\src\cloudCode\modules\ChatMessage\functions.js
C:\Users\LAPTOP KING\Desktop\PulseOfSound\pulsofsound_backend\build\src\cloudCode\modules\ChildLevel\functions.js
C:\Users\LAPTOP KING\Desktop\PulseOfSound\pulsofsound_backend\build\src\cloudCode\modules\ChildProfile\functions.js
C:\Users\LAPTOP KING\Desktop\PulseOfSound\pulsofsound_backend\build\src\cloudCode\modules\Image\triggers.js
C:\Users\LAPTOP KING\Desktop\PulseOfSound\pulsofsound_backend\build\src\cloudCode\modules\Invoice\functions.js
C:\Users\LAPTOP KING\Desktop\PulseOfSound\pulsofsound_backend\build\src\cloudCode\modules\Level\functions.js
C:\Users\LAPTOP KING\Desktop\PulseOfSound\pulsofsound_backend\build\src\cloudCode\modules\LevelGame\functions.js
C:\Users\LAPTOP KING\Desktop\PulseOfSound\pulsofsound_backend\build\src\cloudCode\modules\Notifications\functions.js
C:\Users\LAPTOP KING\Desktop\PulseOfSound\pulsofsound_backend\build\src\cloudCode\modules\OTPcode\functions.js
C:\Users\LAPTOP KING\Desktop\PulseOfSound\pulsofsound_backend\build\src\cloudCode\modules\PlacementTest\functions.js
C:\Users\LAPTOP KING\Desktop\PulseOfSound\pulsofsound_backend\build\src\cloudCode\modules\Reports\functions.js
C:\Users\LAPTOP KING\Desktop\PulseOfSound\pulsofsound_backend\build\src\cloudCode\modules\ResearchCategories\functions.js
C:\Users\LAPTOP KING\Desktop\PulseOfSound\pulsofsound_backend\build\src\cloudCode\modules\ResearchPosts\functions.js
C:\Users\LAPTOP KING\Desktop\PulseOfSound\pulsofsound_backend\build\src\cloudCode\modules\Role\functions.js
C:\Users\LAPTOP KING\Desktop\PulseOfSound\pulsofsound_backend\build\src\cloudCode\modules\StageQuestion\functions.js
C:\Users\LAPTOP KING\Desktop\PulseOfSound\pulsofsound_backend\build\src\cloudCode\modules\StageResult\functions.js
C:\Users\LAPTOP KING\Desktop\PulseOfSound\pulsofsound_backend\build\src\cloudCode\modules\TrainingQuestion\functions.js
C:\Users\LAPTOP KING\Desktop\PulseOfSound\pulsofsound_backend\build\src\cloudCode\modules\User\functions.js
C:\Users\LAPTOP KING\Desktop\PulseOfSound\pulsofsound_backend\build\src\cloudCode\modules\User\triggers.js
C:\Users\LAPTOP KING\Desktop\PulseOfSound\pulsofsound_backend\build\src\cloudCode\modules\User\userManagement.js
C:\Users\LAPTOP KING\Desktop\PulseOfSound\pulsofsound_backend\build\src\cloudCode\modules\UserStageStatus\functions.js
C:\Users\LAPTOP KING\Desktop\PulseOfSound\pulsofsound_backend\build\src\cloudCode\modules\Wallet\functions.js
C:\Users\LAPTOP KING\Desktop\PulseOfSound\pulsofsound_backend\build\src\cloudCode\modules\WalletTransaction\functions.js
[
  'AccountStatus',
  'Admin',
  'Appointment',
  'AppointmentPlan',
  'ChargeRequest',
  'ChatGroup',
  'ChatGroupParticipants',
  'ChatMessage',
  'ChildProfile',
  'Level',
  'ChildLevel',
  'File',
  'IMG',
  'Invoice',
  'LevelGame',
  'Notifications',
  'OTPcode',
  'PlacementTestQuestion',
  'PlacementTestCorrectAnswer',
  'PostCategories',
  'Report',
  'ResearchCategories',
  'ResearchPosts',
  '_Role',
  'StageQuestion',
  'StageResult',
  'TrainingQuestion',
  'TrainingQuestionCorrectAnswer',
  'UserBlock',
  'UserDeleted',
  '_User',
  'UserStageStatus',
  'Wallet',
  'WalletTransaction'
]
[
  'AccountStatus',
  'Admin',
  'Appointment',
  'AppointmentPlan',
  'ChargeRequest',
  'ChatGroup',
  'ChatGroupParticipants',
  'ChatMessage',
  'ChildProfile',
  'Level',
  'ChildLevel',
  'File',
  'IMG',
  'Invoice',
  'LevelGame',
  'Notifications',
  'OTPcode',
  'PlacementTestQuestion',
  'PlacementTestCorrectAnswer',
  'PostCategories',
  'Report',
  'ResearchCategories',
  'ResearchPosts',
  '_Role',
  'StageQuestion',
  'StageResult',
  'TrainingQuestion',
  'TrainingQuestionCorrectAnswer',
  'UserBlock',
  'UserDeleted',
  '_User',
  'UserStageStatus',
  'Wallet',
  'WalletTransaction'
]
[
  'AccountStatus',
  'Admin',
  'Appointment',
  'AppointmentPlan',
  'ChargeRequest',
  'ChatGroup',
  'ChatGroupParticipants',
  'ChatMessage',
  'ChildProfile',
  'Level',
  'ChildLevel',
  'File',
  'IMG',
  'Invoice',
  'LevelGame',
  'Notifications',
  'OTPcode',
  'PlacementTestQuestion',
  'PlacementTestCorrectAnswer',
  'PostCategories',
  'Report',
  'ResearchCategories',
  'ResearchPosts',
  '_Role',
  'StageQuestion',
  'StageResult',
  'TrainingQuestion',
  'TrainingQuestionCorrectAnswer',
  'UserBlock',
  'UserDeleted',
  '_User',
  'UserStageStatus',
  'Wallet',
  'WalletTransaction'
]
[
  'AccountStatus',
  'Admin',
  'Appointment',
  'AppointmentPlan',
  'ChargeRequest',
  'ChatGroup',
  'ChatGroupParticipants',
  'ChatMessage',
  'ChildProfile',
  'Level',
  'ChildLevel',
  'File',
  'IMG',
  'Invoice',
  'LevelGame',
  'Notifications',
  'OTPcode',
  'PlacementTestQuestion',
  'PlacementTestCorrectAnswer',
  'PostCategories',
  'Report',
  'ResearchCategories',
  'ResearchPosts',
  '_Role',
  'StageQuestion',
  'StageResult',
  'TrainingQuestion',
  'TrainingQuestionCorrectAnswer',
  'UserBlock',
  'UserDeleted',
  '_User',
  'UserStageStatus',
  'Wallet',
  'WalletTransaction'
]
[
  'AccountStatus',
  'Admin',
  'Appointment',
  'AppointmentPlan',
  'ChargeRequest',
  'ChatGroup',
  'ChatGroupParticipants',
  'ChatMessage',
  'ChildProfile',
  'Level',
  'ChildLevel',
  'File',
  'IMG',
  'Invoice',
  'LevelGame',
  'Notifications',
  'OTPcode',
  'PlacementTestQuestion',
  'PlacementTestCorrectAnswer',
  'PostCategories',
  'Report',
  'ResearchCategories',
  'ResearchPosts',
  '_Role',
  'StageQuestion',
  'StageResult',
  'TrainingQuestion',
  'TrainingQuestionCorrectAnswer',
  'UserBlock',
  'UserDeleted',
  '_User',
  'UserStageStatus',
  'Wallet',
  'WalletTransaction'
]
[
  'AccountStatus',
  'Admin',
  'Appointment',
  'AppointmentPlan',
  'ChargeRequest',
  'ChatGroup',
  'ChatGroupParticipants',
  'ChatMessage',
  'ChildProfile',
  'Level',
  'ChildLevel',
  'File',
  'IMG',
  'Invoice',
  'LevelGame',
  'Notifications',
  'OTPcode',
  'PlacementTestQuestion',
  'PlacementTestCorrectAnswer',
  'PostCategories',
  'Report',
  'ResearchCategories',
  'ResearchPosts',
  '_Role',
  'StageQuestion',
  'StageResult',
  'TrainingQuestion',
  'TrainingQuestionCorrectAnswer',
  'UserBlock',
  'UserDeleted',
  '_User',
  'UserStageStatus',
  'Wallet',
  'WalletTransaction'
]
[
  'AccountStatus',
  'Admin',
  'Appointment',
  'AppointmentPlan',
  'ChargeRequest',
  'ChatGroup',
  'ChatGroupParticipants',
  'ChatMessage',
  'ChildProfile',
  'Level',
  'ChildLevel',
  'File',
  'IMG',
  'Invoice',
  'LevelGame',
  'Notifications',
  'OTPcode',
  'PlacementTestQuestion',
  'PlacementTestCorrectAnswer',
  'PostCategories',
  'Report',
  'ResearchCategories',
  'ResearchPosts',
  '_Role',
  'StageQuestion',
  'StageResult',
  'TrainingQuestion',
  'TrainingQuestionCorrectAnswer',
  'UserBlock',
  'UserDeleted',
  '_User',
  'UserStageStatus',
  'Wallet',
  'WalletTransaction'
]
[
  'AccountStatus',
  'Admin',
  'Appointment',
  'AppointmentPlan',
  'ChargeRequest',
  'ChatGroup',
  'ChatGroupParticipants',
  'ChatMessage',
  'ChildProfile',
  'Level',
  'ChildLevel',
  'File',
  'IMG',
  'Invoice',
  'LevelGame',
  'Notifications',
  'OTPcode',
  'PlacementTestQuestion',
  'PlacementTestCorrectAnswer',
  'PostCategories',
  'Report',
  'ResearchCategories',
  'ResearchPosts',
  '_Role',
  'StageQuestion',
  'StageResult',
  'TrainingQuestion',
  'TrainingQuestionCorrectAnswer',
  'UserBlock',
  'UserDeleted',
  '_User',
  'UserStageStatus',
  'Wallet',
  'WalletTransaction'
]
[
  'AccountStatus',
  'Admin',
  'Appointment',
  'AppointmentPlan',
  'ChargeRequest',
  'ChatGroup',
  'ChatGroupParticipants',
  'ChatMessage',
  'ChildProfile',
  'Level',
  'ChildLevel',
  'File',
  'IMG',
  'Invoice',
  'LevelGame',
  'Notifications',
  'OTPcode',
  'PlacementTestQuestion',
  'PlacementTestCorrectAnswer',
  'PostCategories',
  'Report',
  'ResearchCategories',
  'ResearchPosts',
  '_Role',
  'StageQuestion',
  'StageResult',
  'TrainingQuestion',
  'TrainingQuestionCorrectAnswer',
  'UserBlock',
  'UserDeleted',
  '_User',
  'UserStageStatus',
  'Wallet',
  'WalletTransaction'
]
[
  'AccountStatus',
  'Admin',
  'Appointment',
  'AppointmentPlan',
  'ChargeRequest',
  'ChatGroup',
  'ChatGroupParticipants',
  'ChatMessage',
  'ChildProfile',
  'Level',
  'ChildLevel',
  'File',
  'IMG',
  'Invoice',
  'LevelGame',
  'Notifications',
  'OTPcode',
  'PlacementTestQuestion',
  'PlacementTestCorrectAnswer',
  'PostCategories',
  'Report',
  'ResearchCategories',
  'ResearchPosts',
  '_Role',
  'StageQuestion',
  'StageResult',
  'TrainingQuestion',
  'TrainingQuestionCorrectAnswer',
  'UserBlock',
  'UserDeleted',
  '_User',
  'UserStageStatus',
  'Wallet',
  'WalletTransaction'
]
[
  'AccountStatus',
  'Admin',
  'Appointment',
  'AppointmentPlan',
  'ChargeRequest',
  'ChatGroup',
  'ChatGroupParticipants',
  'ChatMessage',
  'ChildProfile',
  'Level',
  'ChildLevel',
  'File',
  'IMG',
  'Invoice',
  'LevelGame',
  'Notifications',
  'OTPcode',
  'PlacementTestQuestion',
  'PlacementTestCorrectAnswer',
  'PostCategories',
  'Report',
  'ResearchCategories',
  'ResearchPosts',
  '_Role',
  'StageQuestion',
  'StageResult',
  'TrainingQuestion',
  'TrainingQuestionCorrectAnswer',
  'UserBlock',
  'UserDeleted',
  '_User',
  'UserStageStatus',
  'Wallet',
  'WalletTransaction'
]
[
  'AccountStatus',
  'Admin',
  'Appointment',
  'AppointmentPlan',
  'ChargeRequest',
  'ChatGroup',
  'ChatGroupParticipants',
  'ChatMessage',
  'ChildProfile',
  'Level',
  'ChildLevel',
  'File',
  'IMG',
  'Invoice',
  'LevelGame',
  'Notifications',
  'OTPcode',
  'PlacementTestQuestion',
  'PlacementTestCorrectAnswer',
  'PostCategories',
  'Report',
  'ResearchCategories',
  'ResearchPosts',
  '_Role',
  'StageQuestion',
  'StageResult',
  'TrainingQuestion',
  'TrainingQuestionCorrectAnswer',
  'UserBlock',
  'UserDeleted',
  '_User',
  'UserStageStatus',
  'Wallet',
  'WalletTransaction'
]
[
  'AccountStatus',
  'Admin',
  'Appointment',
  'AppointmentPlan',
  'ChargeRequest',
  'ChatGroup',
  'ChatGroupParticipants',
  'ChatMessage',
  'ChildProfile',
  'Level',
  'ChildLevel',
  'File',
  'IMG',
  'Invoice',
  'LevelGame',
  'Notifications',
  'OTPcode',
  'PlacementTestQuestion',
  'PlacementTestCorrectAnswer',
  'PostCategories',
  'Report',
  'ResearchCategories',
  'ResearchPosts',
  '_Role',
  'StageQuestion',
  'StageResult',
  'TrainingQuestion',
  'TrainingQuestionCorrectAnswer',
  'UserBlock',
  'UserDeleted',
  '_User',
  'UserStageStatus',
  'Wallet',
  'WalletTransaction'
]
[
  'AccountStatus',
  'Admin',
  'Appointment',
  'AppointmentPlan',
  'ChargeRequest',
  'ChatGroup',
  'ChatGroupParticipants',
  'ChatMessage',
  'ChildProfile',
  'Level',
  'ChildLevel',
  'File',
  'IMG',
  'Invoice',
  'LevelGame',
  'Notifications',
  'OTPcode',
  'PlacementTestQuestion',
  'PlacementTestCorrectAnswer',
  'PostCategories',
  'Report',
  'ResearchCategories',
  'ResearchPosts',
  '_Role',
  'StageQuestion',
  'StageResult',
  'TrainingQuestion',
  'TrainingQuestionCorrectAnswer',
  'UserBlock',
  'UserDeleted',
  '_User',
  'UserStageStatus',
  'Wallet',
  'WalletTransaction'
]
[
  'AccountStatus',
  'Admin',
  'Appointment',
  'AppointmentPlan',
  'ChargeRequest',
  'ChatGroup',
  'ChatGroupParticipants',
  'ChatMessage',
  'ChildProfile',
  'Level',
  'ChildLevel',
  'File',
  'IMG',
  'Invoice',
  'LevelGame',
  'Notifications',
  'OTPcode',
  'PlacementTestQuestion',
  'PlacementTestCorrectAnswer',
  'PostCategories',
  'Report',
  'ResearchCategories',
  'ResearchPosts',
  '_Role',
  'StageQuestion',
  'StageResult',
  'TrainingQuestion',
  'TrainingQuestionCorrectAnswer',
  'UserBlock',
  'UserDeleted',
  '_User',
  'UserStageStatus',
  'Wallet',
  'WalletTransaction'
]
[
  'AccountStatus',
  'Admin',
  'Appointment',
  'AppointmentPlan',
  'ChargeRequest',
  'ChatGroup',
  'ChatGroupParticipants',
  'ChatMessage',
  'ChildProfile',
  'Level',
  'ChildLevel',
  'File',
  'IMG',
  'Invoice',
  'LevelGame',
  'Notifications',
  'OTPcode',
  'PlacementTestQuestion',
  'PlacementTestCorrectAnswer',
  'PostCategories',
  'Report',
  'ResearchCategories',
  'ResearchPosts',
  '_Role',
  'StageQuestion',
  'StageResult',
  'TrainingQuestion',
  'TrainingQuestionCorrectAnswer',
  'UserBlock',
  'UserDeleted',
  '_User',
  'UserStageStatus',
  'Wallet',
  'WalletTransaction'
]
[
  'AccountStatus',
  'Admin',
  'Appointment',
  'AppointmentPlan',
  'ChargeRequest',
  'ChatGroup',
  'ChatGroupParticipants',
  'ChatMessage',
  'ChildProfile',
  'Level',
  'ChildLevel',
  'File',
  'IMG',
  'Invoice',
  'LevelGame',
  'Notifications',
  'OTPcode',
  'PlacementTestQuestion',
  'PlacementTestCorrectAnswer',
  'PostCategories',
  'Report',
  'ResearchCategories',
  'ResearchPosts',
  '_Role',
  'StageQuestion',
  'StageResult',
  'TrainingQuestion',
  'TrainingQuestionCorrectAnswer',
  'UserBlock',
  'UserDeleted',
  '_User',
  'UserStageStatus',
  'Wallet',
  'WalletTransaction'
]
[
  'AccountStatus',
  'Admin',
  'Appointment',
  'AppointmentPlan',
  'ChargeRequest',
  'ChatGroup',
  'ChatGroupParticipants',
  'ChatMessage',
  'ChildProfile',
  'Level',
  'ChildLevel',
  'File',
  'IMG',
  'Invoice',
  'LevelGame',
  'Notifications',
  'OTPcode',
  'PlacementTestQuestion',
  'PlacementTestCorrectAnswer',
  'PostCategories',
  'Report',
  'ResearchCategories',
  'ResearchPosts',
  '_Role',
  'StageQuestion',
  'StageResult',
  'TrainingQuestion',
  'TrainingQuestionCorrectAnswer',
  'UserBlock',
  'UserDeleted',
  '_User',
  'UserStageStatus',
  'Wallet',
  'WalletTransaction'
]
[
  'AccountStatus',
  'Admin',
  'Appointment',
  'AppointmentPlan',
  'ChargeRequest',
  'ChatGroup',
  'ChatGroupParticipants',
  'ChatMessage',
  'ChildProfile',
  'Level',
  'ChildLevel',
  'File',
  'IMG',
  'Invoice',
  'LevelGame',
  'Notifications',
  'OTPcode',
  'PlacementTestQuestion',
  'PlacementTestCorrectAnswer',
  'PostCategories',
  'Report',
  'ResearchCategories',
  'ResearchPosts',
  '_Role',
  'StageQuestion',
  'StageResult',
  'TrainingQuestion',
  'TrainingQuestionCorrectAnswer',
  'UserBlock',
  'UserDeleted',
  '_User',
  'UserStageStatus',
  'Wallet',
  'WalletTransaction'
]
[
  'AccountStatus',
  'Admin',
  'Appointment',
  'AppointmentPlan',
  'ChargeRequest',
  'ChatGroup',
  'ChatGroupParticipants',
  'ChatMessage',
  'ChildProfile',
  'Level',
  'ChildLevel',
  'File',
  'IMG',
  'Invoice',
  'LevelGame',
  'Notifications',
  'OTPcode',
  'PlacementTestQuestion',
  'PlacementTestCorrectAnswer',
  'PostCategories',
  'Report',
  'ResearchCategories',
  'ResearchPosts',
  '_Role',
  'StageQuestion',
  'StageResult',
  'TrainingQuestion',
  'TrainingQuestionCorrectAnswer',
  'UserBlock',
  'UserDeleted',
  '_User',
  'UserStageStatus',
  'Wallet',
  'WalletTransaction'
]
[
  'AccountStatus',
  'Admin',
  'Appointment',
  'AppointmentPlan',
  'ChargeRequest',
  'ChatGroup',
  'ChatGroupParticipants',
  'ChatMessage',
  'ChildProfile',
  'Level',
  'ChildLevel',
  'File',
  'IMG',
  'Invoice',
  'LevelGame',
  'Notifications',
  'OTPcode',
  'PlacementTestQuestion',
  'PlacementTestCorrectAnswer',
  'PostCategories',
  'Report',
  'ResearchCategories',
  'ResearchPosts',
  '_Role',
  'StageQuestion',
  'StageResult',
  'TrainingQuestion',
  'TrainingQuestionCorrectAnswer',
  'UserBlock',
  'UserDeleted',
  '_User',
  'UserStageStatus',
  'Wallet',
  'WalletTransaction'
]
[
  'AccountStatus',
  'Admin',
  'Appointment',
  'AppointmentPlan',
  'ChargeRequest',
  'ChatGroup',
  'ChatGroupParticipants',
  'ChatMessage',
  'ChildProfile',
  'Level',
  'ChildLevel',
  'File',
  'IMG',
  'Invoice',
  'LevelGame',
  'Notifications',
  'OTPcode',
  'PlacementTestQuestion',
  'PlacementTestCorrectAnswer',
  'PostCategories',
  'Report',
  'ResearchCategories',
  'ResearchPosts',
  '_Role',
  'StageQuestion',
  'StageResult',
  'TrainingQuestion',
  'TrainingQuestionCorrectAnswer',
  'UserBlock',
  'UserDeleted',
  '_User',
  'UserStageStatus',
  'Wallet',
  'WalletTransaction'
]
[
  'AccountStatus',
  'Admin',
  'Appointment',
  'AppointmentPlan',
  'ChargeRequest',
  'ChatGroup',
  'ChatGroupParticipants',
  'ChatMessage',
  'ChildProfile',
  'Level',
  'ChildLevel',
  'File',
  'IMG',
  'Invoice',
  'LevelGame',
  'Notifications',
  'OTPcode',
  'PlacementTestQuestion',
  'PlacementTestCorrectAnswer',
  'PostCategories',
  'Report',
  'ResearchCategories',
  'ResearchPosts',
  '_Role',
  'StageQuestion',
  'StageResult',
  'TrainingQuestion',
  'TrainingQuestionCorrectAnswer',
  'UserBlock',
  'UserDeleted',
  '_User',
  'UserStageStatus',
  'Wallet',
  'WalletTransaction'
]
[
  'AccountStatus',
  'Admin',
  'Appointment',
  'AppointmentPlan',
  'ChargeRequest',
  'ChatGroup',
  'ChatGroupParticipants',
  'ChatMessage',
  'ChildProfile',
  'Level',
  'ChildLevel',
  'File',
  'IMG',
  'Invoice',
  'LevelGame',
  'Notifications',
  'OTPcode',
  'PlacementTestQuestion',
  'PlacementTestCorrectAnswer',
  'PostCategories',
  'Report',
  'ResearchCategories',
  'ResearchPosts',
  '_Role',
  'StageQuestion',
  'StageResult',
  'TrainingQuestion',
  'TrainingQuestionCorrectAnswer',
  'UserBlock',
  'UserDeleted',
  '_User',
  'UserStageStatus',
  'Wallet',
  'WalletTransaction'
]
[
  'AccountStatus',
  'Admin',
  'Appointment',
  'AppointmentPlan',
  'ChargeRequest',
  'ChatGroup',
  'ChatGroupParticipants',
  'ChatMessage',
  'ChildProfile',
  'Level',
  'ChildLevel',
  'File',
  'IMG',
  'Invoice',
  'LevelGame',
  'Notifications',
  'OTPcode',
  'PlacementTestQuestion',
  'PlacementTestCorrectAnswer',
  'PostCategories',
  'Report',
  'ResearchCategories',
  'ResearchPosts',
  '_Role',
  'StageQuestion',
  'StageResult',
  'TrainingQuestion',
  'TrainingQuestionCorrectAnswer',
  'UserBlock',
  'UserDeleted',
  '_User',
  'UserStageStatus',
  'Wallet',
  'WalletTransaction'
]
[
  'AccountStatus',
  'Admin',
  'Appointment',
  'AppointmentPlan',
  'ChargeRequest',
  'ChatGroup',
  'ChatGroupParticipants',
  'ChatMessage',
  'ChildProfile',
  'Level',
  'ChildLevel',
  'File',
  'IMG',
  'Invoice',
  'LevelGame',
  'Notifications',
  'OTPcode',
  'PlacementTestQuestion',
  'PlacementTestCorrectAnswer',
  'PostCategories',
  'Report',
  'ResearchCategories',
  'ResearchPosts',
  '_Role',
  'StageQuestion',
  'StageResult',
  'TrainingQuestion',
  'TrainingQuestionCorrectAnswer',
  'UserBlock',
  'UserDeleted',
  '_User',
  'UserStageStatus',
  'Wallet',
  'WalletTransaction'
]
[
  'AccountStatus',
  'Admin',
  'Appointment',
  'AppointmentPlan',
  'ChargeRequest',
  'ChatGroup',
  'ChatGroupParticipants',
  'ChatMessage',
  'ChildProfile',
  'Level',
  'ChildLevel',
  'File',
  'IMG',
  'Invoice',
  'LevelGame',
  'Notifications',
  'OTPcode',
  'PlacementTestQuestion',
  'PlacementTestCorrectAnswer',
  'PostCategories',
  'Report',
  'ResearchCategories',
  'ResearchPosts',
  '_Role',
  'StageQuestion',
  'StageResult',
  'TrainingQuestion',
  'TrainingQuestionCorrectAnswer',
  'UserBlock',
  'UserDeleted',
  '_User',
  'UserStageStatus',
  'Wallet',
  'WalletTransaction'
]
[
  'AccountStatus',
  'Admin',
  'Appointment',
  'AppointmentPlan',
  'ChargeRequest',
  'ChatGroup',
  'ChatGroupParticipants',
  'ChatMessage',
  'ChildProfile',
  'Level',
  'ChildLevel',
  'File',
  'IMG',
  'Invoice',
  'LevelGame',
  'Notifications',
  'OTPcode',
  'PlacementTestQuestion',
  'PlacementTestCorrectAnswer',
  'PostCategories',
  'Report',
  'ResearchCategories',
  'ResearchPosts',
  '_Role',
  'StageQuestion',
  'StageResult',
  'TrainingQuestion',
  'TrainingQuestionCorrectAnswer',
  'UserBlock',
  'UserDeleted',
  '_User',
  'UserStageStatus',
  'Wallet',
  'WalletTransaction'
]
[
  'AccountStatus',
  'Admin',
  'Appointment',
  'AppointmentPlan',
  'ChargeRequest',
  'ChatGroup',
  'ChatGroupParticipants',
  'ChatMessage',
  'ChildProfile',
  'Level',
  'ChildLevel',
  'File',
  'IMG',
  'Invoice',
  'LevelGame',
  'Notifications',
  'OTPcode',
  'PlacementTestQuestion',
  'PlacementTestCorrectAnswer',
  'PostCategories',
  'Report',
  'ResearchCategories',
  'ResearchPosts',
  '_Role',
  'StageQuestion',
  'StageResult',
  'TrainingQuestion',
  'TrainingQuestionCorrectAnswer',
  'UserBlock',
  'UserDeleted',
  '_User',
  'UserStageStatus',
  'Wallet',
  'WalletTransaction'
]
[
  'AccountStatus',
  'Admin',
  'Appointment',
  'AppointmentPlan',
  'ChargeRequest',
  'ChatGroup',
  'ChatGroupParticipants',
  'ChatMessage',
  'ChildProfile',
  'Level',
  'ChildLevel',
  'File',
  'IMG',
  'Invoice',
  'LevelGame',
  'Notifications',
  'OTPcode',
  'PlacementTestQuestion',
  'PlacementTestCorrectAnswer',
  'PostCategories',
  'Report',
  'ResearchCategories',
  'ResearchPosts',
  '_Role',
  'StageQuestion',
  'StageResult',
  'TrainingQuestion',
  'TrainingQuestionCorrectAnswer',
  'UserBlock',
  'UserDeleted',
  '_User',
  'UserStageStatus',
  'Wallet',
  'WalletTransaction'
]
[
  'AccountStatus',
  'Admin',
  'Appointment',
  'AppointmentPlan',
  'ChargeRequest',
  'ChatGroup',
  'ChatGroupParticipants',
  'ChatMessage',
  'ChildProfile',
  'Level',
  'ChildLevel',
  'File',
  'IMG',
  'Invoice',
  'LevelGame',
  'Notifications',
  'OTPcode',
  'PlacementTestQuestion',
  'PlacementTestCorrectAnswer',
  'PostCategories',
  'Report',
  'ResearchCategories',
  'ResearchPosts',
  '_Role',
  'StageQuestion',
  'StageResult',
  'TrainingQuestion',
  'TrainingQuestionCorrectAnswer',
  'UserBlock',
  'UserDeleted',
  '_User',
  'UserStageStatus',
  'Wallet',
  'WalletTransaction'
]
[
  'AccountStatus',
  'Admin',
  'Appointment',
  'AppointmentPlan',
  'ChargeRequest',
  'ChatGroup',
  'ChatGroupParticipants',
  'ChatMessage',
  'ChildProfile',
  'Level',
  'ChildLevel',
  'File',
  'IMG',
  'Invoice',
  'LevelGame',
  'Notifications',
  'OTPcode',
  'PlacementTestQuestion',
  'PlacementTestCorrectAnswer',
  'PostCategories',
  'Report',
  'ResearchCategories',
  'ResearchPosts',
  '_Role',
  'StageQuestion',
  'StageResult',
  'TrainingQuestion',
  'TrainingQuestionCorrectAnswer',
  'UserBlock',
  'UserDeleted',
  '_User',
  'UserStageStatus',
  'Wallet',
  'WalletTransaction'
]
[
  'AccountStatus',
  'Admin',
  'Appointment',
  'AppointmentPlan',
  'ChargeRequest',
  'ChatGroup',
  'ChatGroupParticipants',
  'ChatMessage',
  'ChildProfile',
  'Level',
  'ChildLevel',
  'File',
  'IMG',
  'Invoice',
  'LevelGame',
  'Notifications',
  'OTPcode',
  'PlacementTestQuestion',
  'PlacementTestCorrectAnswer',
  'PostCategories',
  'Report',
  'ResearchCategories',
  'ResearchPosts',
  '_Role',
  'StageQuestion',
  'StageResult',
  'TrainingQuestion',
  'TrainingQuestionCorrectAnswer',
  'UserBlock',
  'UserDeleted',
  '_User',
  'UserStageStatus',
  'Wallet',
  'WalletTransaction'
]
[
  'AccountStatus',
  'Admin',
  'Appointment',
  'AppointmentPlan',
  'ChargeRequest',
  'ChatGroup',
  'ChatGroupParticipants',
  'ChatMessage',
  'ChildProfile',
  'Level',
  'ChildLevel',
  'File',
  'IMG',
  'Invoice',
  'LevelGame',
  'Notifications',
  'OTPcode',
  'PlacementTestQuestion',
  'PlacementTestCorrectAnswer',
  'PostCategories',
  'Report',
  'ResearchCategories',
  'ResearchPosts',
  '_Role',
  'StageQuestion',
  'StageResult',
  'TrainingQuestion',
  'TrainingQuestionCorrectAnswer',
  'UserBlock',
  'UserDeleted',
  '_User',
  'UserStageStatus',
  'Wallet',
  'WalletTransaction'
]
[DEBUG] Starting main()...
warn: DeprecationWarning: The Parse Server option 'encodeParseObjectInCloudFunction' default will change to 'true' in a future version.
[32minfo[39m: Running Migrations {"timestamp":"2025-12-23T14:31:15.848Z"}
[33mwarn[39m: The following fields exist in the database for "_Role", but are missing in the schema : "isCustom" {"timestamp":"2025-12-23T14:31:15.884Z"}
[31merror[39m: The list of schemas provided contains duplicated "className"  "_Role","","","","","","","","","","","","","","","","","","","","","","","","","","","","","","","","","","" {"timestamp":"2025-12-23T14:31:16.720Z"}
